<?xml version="1.0" encoding="UTF-8"?>
<!-- Generated by org.testng.reporters.JUnitReportReporter -->
<testsuite skipped="0" hostname="LAPTOP-RI237U6O" name="com.ohrm.qa.testcases.TestHRMEmpManagementPage" tests="1" failures="0" timestamp="2022-06-03T18:26:09 EDT" time="29.375" errors="0">
  <testcase name="testOnBoarding" time="29.375" classname="com.ohrm.qa.testcases.TestHRMEmpManagementPage"/>
  <system-out/>
</testsuite> <!-- com.ohrm.qa.testcases.TestHRMEmpManagementPage -->
