<?xml version="1.0" encoding="UTF-8"?>
<!-- Generated by org.testng.reporters.JUnitReportReporter -->
<testsuite skipped="0" hostname="LAPTOP-RI237U6O" name="com.ohrm.qa.testcases.TestHRMOnboardingPage" tests="1" failures="0" timestamp="2022-06-03T18:26:09 EDT" time="42.001" errors="0">
  <testcase name="TestOnBoardingaddEvent" time="42.001" classname="com.ohrm.qa.testcases.TestHRMOnboardingPage"/>
  <system-out/>
</testsuite> <!-- com.ohrm.qa.testcases.TestHRMOnboardingPage -->
